<?xml version="1.0" encoding="UTF-8"?>
<testng-results ignored="0" total="6" passed="4" failed="2" skipped="0">
  <reporter-output>
    <line>
      <![CDATA[Testcase login started successfully]]>
    </line>
    <line>
      <![CDATA[Testcase loginTest started successfully]]>
    </line>
    <line>
      <![CDATA[Testcase loginTest started successfully]]>
    </line>
    <line>
      <![CDATA[Testcase loginTest started successfully]]>
    </line>
    <line>
      <![CDATA[Testcase loginTest started successfully]]>
    </line>
    <line>
      <![CDATA[Testcase addCustomer started successfully]]>
    </line>
  </reporter-output>
  <suite started-at="2023-07-14T11:45:46 IST" name="SDESeleniumFramework" finished-at="2023-07-14T11:47:19 IST" duration-ms="93516">
    <groups>
    </groups>
    <test started-at="2023-07-14T11:45:46 IST" name="LoginTest" finished-at="2023-07-14T11:47:19 IST" duration-ms="93516">
      <class name="com.SDESeleniumFramework.testCases.TC_LoginTest_001">
        <test-method is-config="true" signature="launchBrowser(java.lang.String)[pri:0, instance:com.SDESeleniumFramework.testCases.TC_LoginTest_001@4d5650ae]" started-at="2023-07-14T11:45:46 IST" name="launchBrowser" finished-at="2023-07-14T11:45:58 IST" duration-ms="11720" status="PASS">
          <params>
            <param index="0">
              <value>
                <![CDATA[chrome]]>
              </value>
            </param>
          </params>
          <reporter-output>
          </reporter-output>
        </test-method> <!-- launchBrowser -->
        <test-method signature="login()[pri:0, instance:com.SDESeleniumFramework.testCases.TC_LoginTest_001@4d5650ae]" started-at="2023-07-14T11:45:58 IST" name="login" finished-at="2023-07-14T11:46:09 IST" duration-ms="10931" status="PASS">
          <reporter-output>
            <line>
              <![CDATA[Testcase login started successfully]]>
            </line>
          </reporter-output>
        </test-method> <!-- login -->
        <test-method is-config="true" signature="closeBrowser()[pri:0, instance:com.SDESeleniumFramework.testCases.TC_LoginTest_001@4d5650ae]" started-at="2023-07-14T11:46:09 IST" name="closeBrowser" finished-at="2023-07-14T11:46:09 IST" duration-ms="181" status="PASS">
          <reporter-output>
          </reporter-output>
        </test-method> <!-- closeBrowser -->
      </class> <!-- com.SDESeleniumFramework.testCases.TC_LoginTest_001 -->
      <class name="com.SDESeleniumFramework.testCases.TC_AddCustomerTest_003">
        <test-method is-config="true" signature="launchBrowser(java.lang.String)[pri:0, instance:com.SDESeleniumFramework.testCases.TC_AddCustomerTest_003@7b36aa0c]" started-at="2023-07-14T11:47:02 IST" name="launchBrowser" finished-at="2023-07-14T11:47:10 IST" duration-ms="7646" status="PASS">
          <params>
            <param index="0">
              <value>
                <![CDATA[chrome]]>
              </value>
            </param>
          </params>
          <reporter-output>
          </reporter-output>
        </test-method> <!-- launchBrowser -->
        <test-method signature="addCustomer()[pri:0, instance:com.SDESeleniumFramework.testCases.TC_AddCustomerTest_003@7b36aa0c]" started-at="2023-07-14T11:47:10 IST" name="addCustomer" finished-at="2023-07-14T11:47:19 IST" duration-ms="9629" status="PASS">
          <reporter-output>
            <line>
              <![CDATA[Testcase addCustomer started successfully]]>
            </line>
          </reporter-output>
        </test-method> <!-- addCustomer -->
        <test-method is-config="true" signature="closeBrowser()[pri:0, instance:com.SDESeleniumFramework.testCases.TC_AddCustomerTest_003@7b36aa0c]" started-at="2023-07-14T11:47:19 IST" name="closeBrowser" finished-at="2023-07-14T11:47:19 IST" duration-ms="150" status="PASS">
          <reporter-output>
          </reporter-output>
        </test-method> <!-- closeBrowser -->
      </class> <!-- com.SDESeleniumFramework.testCases.TC_AddCustomerTest_003 -->
      <class name="com.SDESeleniumFramework.testCases.TC_LoginDDTTest_002">
        <test-method is-config="true" signature="launchBrowser(java.lang.String)[pri:0, instance:com.SDESeleniumFramework.testCases.TC_LoginDDTTest_002@25641d39]" started-at="2023-07-14T11:46:09 IST" name="launchBrowser" finished-at="2023-07-14T11:46:17 IST" duration-ms="7612" status="PASS">
          <params>
            <param index="0">
              <value>
                <![CDATA[chrome]]>
              </value>
            </param>
          </params>
          <reporter-output>
          </reporter-output>
        </test-method> <!-- launchBrowser -->
        <test-method signature="loginTest(java.lang.String,java.lang.String)[pri:0, instance:com.SDESeleniumFramework.testCases.TC_LoginDDTTest_002@25641d39]" started-at="2023-07-14T11:46:18 IST" name="loginTest" data-provider="driveTest" finished-at="2023-07-14T11:46:32 IST" duration-ms="13903" status="PASS">
          <params>
            <param index="0">
              <value>
                <![CDATA[mngr512458]]>
              </value>
            </param>
            <param index="1">
              <value>
                <![CDATA[AbUnEbU]]>
              </value>
            </param>
          </params>
          <reporter-output>
            <line>
              <![CDATA[Testcase loginTest started successfully]]>
            </line>
          </reporter-output>
        </test-method> <!-- loginTest -->
        <test-method signature="loginTest(java.lang.String,java.lang.String)[pri:0, instance:com.SDESeleniumFramework.testCases.TC_LoginDDTTest_002@25641d39]" started-at="2023-07-14T11:46:32 IST" name="loginTest" data-provider="driveTest" finished-at="2023-07-14T11:46:42 IST" duration-ms="9917" status="FAIL">
          <params>
            <param index="0">
              <value>
                <![CDATA[mngr512458]]>
              </value>
            </param>
            <param index="1">
              <value>
                <![CDATA[AbUnEbUw]]>
              </value>
            </param>
          </params>
          <exception class="java.lang.AssertionError">
            <message>
              <![CDATA[expected [true] but found [false]]]>
            </message>
            <full-stacktrace>
              <![CDATA[java.lang.AssertionError: expected [true] but found [false]
at org.testng.Assert.fail(Assert.java:99)
at org.testng.Assert.failNotEquals(Assert.java:1037)
at org.testng.Assert.assertTrue(Assert.java:45)
at org.testng.Assert.assertTrue(Assert.java:55)
at com.SDESeleniumFramework.testCases.TC_LoginDDTTest_002.loginTest(TC_LoginDDTTest_002.java:31)
at java.base/jdk.internal.reflect.NativeMethodAccessorImpl.invoke0(Native Method)
at java.base/jdk.internal.reflect.NativeMethodAccessorImpl.invoke(NativeMethodAccessorImpl.java:77)
at java.base/jdk.internal.reflect.DelegatingMethodAccessorImpl.invoke(DelegatingMethodAccessorImpl.java:43)
at java.base/java.lang.reflect.Method.invoke(Method.java:568)
at org.testng.internal.MethodInvocationHelper.invokeMethod(MethodInvocationHelper.java:133)
at org.testng.internal.TestInvoker.invokeMethod(TestInvoker.java:598)
at org.testng.internal.TestInvoker.invokeTestMethod(TestInvoker.java:173)
at org.testng.internal.MethodRunner.runInSequence(MethodRunner.java:46)
at org.testng.internal.TestInvoker$MethodInvocationAgent.invoke(TestInvoker.java:824)
at org.testng.internal.TestInvoker.invokeTestMethods(TestInvoker.java:146)
at org.testng.internal.TestMethodWorker.invokeTestMethods(TestMethodWorker.java:146)
at org.testng.internal.TestMethodWorker.run(TestMethodWorker.java:128)
at java.base/java.util.ArrayList.forEach(ArrayList.java:1511)
at org.testng.TestRunner.privateRun(TestRunner.java:794)
at org.testng.TestRunner.run(TestRunner.java:596)
at org.testng.SuiteRunner.runTest(SuiteRunner.java:377)
at org.testng.SuiteRunner.runSequentially(SuiteRunner.java:371)
at org.testng.SuiteRunner.privateRun(SuiteRunner.java:332)
at org.testng.SuiteRunner.run(SuiteRunner.java:276)
at org.testng.SuiteRunnerWorker.runSuite(SuiteRunnerWorker.java:53)
at org.testng.SuiteRunnerWorker.run(SuiteRunnerWorker.java:96)
at org.testng.TestNG.runSuitesSequentially(TestNG.java:1212)
at org.testng.TestNG.runSuitesLocally(TestNG.java:1134)
at org.testng.TestNG.runSuites(TestNG.java:1063)
at org.testng.TestNG.run(TestNG.java:1031)
at org.apache.maven.surefire.testng.TestNGExecutor.run(TestNGExecutor.java:308)
at org.apache.maven.surefire.testng.TestNGXmlTestSuite.execute(TestNGXmlTestSuite.java:71)
at org.apache.maven.surefire.testng.TestNGProvider.invoke(TestNGProvider.java:113)
at org.apache.maven.surefire.booter.ForkedBooter.runSuitesInProcess(ForkedBooter.java:385)
at org.apache.maven.surefire.booter.ForkedBooter.execute(ForkedBooter.java:162)
at org.apache.maven.surefire.booter.ForkedBooter.run(ForkedBooter.java:507)
at org.apache.maven.surefire.booter.ForkedBooter.main(ForkedBooter.java:495)
]]>
            </full-stacktrace>
          </exception> <!-- java.lang.AssertionError -->
          <reporter-output>
            <line>
              <![CDATA[Testcase loginTest started successfully]]>
            </line>
          </reporter-output>
        </test-method> <!-- loginTest -->
        <test-method signature="loginTest(java.lang.String,java.lang.String)[pri:0, instance:com.SDESeleniumFramework.testCases.TC_LoginDDTTest_002@25641d39]" started-at="2023-07-14T11:46:43 IST" name="loginTest" data-provider="driveTest" finished-at="2023-07-14T11:46:55 IST" duration-ms="12330" status="PASS">
          <params>
            <param index="0">
              <value>
                <![CDATA[mngr514684]]>
              </value>
            </param>
            <param index="1">
              <value>
                <![CDATA[yvematU]]>
              </value>
            </param>
          </params>
          <reporter-output>
            <line>
              <![CDATA[Testcase loginTest started successfully]]>
            </line>
          </reporter-output>
        </test-method> <!-- loginTest -->
        <test-method signature="loginTest(java.lang.String,java.lang.String)[pri:0, instance:com.SDESeleniumFramework.testCases.TC_LoginDDTTest_002@25641d39]" started-at="2023-07-14T11:46:55 IST" name="loginTest" data-provider="driveTest" finished-at="2023-07-14T11:47:01 IST" duration-ms="6342" status="FAIL">
          <params>
            <param index="0">
              <value>
                <![CDATA[mngr514684]]>
              </value>
            </param>
            <param index="1">
              <value>
                <![CDATA[yvematUA]]>
              </value>
            </param>
          </params>
          <exception class="java.lang.AssertionError">
            <message>
              <![CDATA[expected [true] but found [false]]]>
            </message>
            <full-stacktrace>
              <![CDATA[java.lang.AssertionError: expected [true] but found [false]
at org.testng.Assert.fail(Assert.java:99)
at org.testng.Assert.failNotEquals(Assert.java:1037)
at org.testng.Assert.assertTrue(Assert.java:45)
at org.testng.Assert.assertTrue(Assert.java:55)
at com.SDESeleniumFramework.testCases.TC_LoginDDTTest_002.loginTest(TC_LoginDDTTest_002.java:31)
at java.base/jdk.internal.reflect.NativeMethodAccessorImpl.invoke0(Native Method)
at java.base/jdk.internal.reflect.NativeMethodAccessorImpl.invoke(NativeMethodAccessorImpl.java:77)
at java.base/jdk.internal.reflect.DelegatingMethodAccessorImpl.invoke(DelegatingMethodAccessorImpl.java:43)
at java.base/java.lang.reflect.Method.invoke(Method.java:568)
at org.testng.internal.MethodInvocationHelper.invokeMethod(MethodInvocationHelper.java:133)
at org.testng.internal.TestInvoker.invokeMethod(TestInvoker.java:598)
at org.testng.internal.TestInvoker.invokeTestMethod(TestInvoker.java:173)
at org.testng.internal.MethodRunner.runInSequence(MethodRunner.java:46)
at org.testng.internal.TestInvoker$MethodInvocationAgent.invoke(TestInvoker.java:824)
at org.testng.internal.TestInvoker.invokeTestMethods(TestInvoker.java:146)
at org.testng.internal.TestMethodWorker.invokeTestMethods(TestMethodWorker.java:146)
at org.testng.internal.TestMethodWorker.run(TestMethodWorker.java:128)
at java.base/java.util.ArrayList.forEach(ArrayList.java:1511)
at org.testng.TestRunner.privateRun(TestRunner.java:794)
at org.testng.TestRunner.run(TestRunner.java:596)
at org.testng.SuiteRunner.runTest(SuiteRunner.java:377)
at org.testng.SuiteRunner.runSequentially(SuiteRunner.java:371)
at org.testng.SuiteRunner.privateRun(SuiteRunner.java:332)
at org.testng.SuiteRunner.run(SuiteRunner.java:276)
at org.testng.SuiteRunnerWorker.runSuite(SuiteRunnerWorker.java:53)
at org.testng.SuiteRunnerWorker.run(SuiteRunnerWorker.java:96)
at org.testng.TestNG.runSuitesSequentially(TestNG.java:1212)
at org.testng.TestNG.runSuitesLocally(TestNG.java:1134)
at org.testng.TestNG.runSuites(TestNG.java:1063)
at org.testng.TestNG.run(TestNG.java:1031)
at org.apache.maven.surefire.testng.TestNGExecutor.run(TestNGExecutor.java:308)
at org.apache.maven.surefire.testng.TestNGXmlTestSuite.execute(TestNGXmlTestSuite.java:71)
at org.apache.maven.surefire.testng.TestNGProvider.invoke(TestNGProvider.java:113)
at org.apache.maven.surefire.booter.ForkedBooter.runSuitesInProcess(ForkedBooter.java:385)
at org.apache.maven.surefire.booter.ForkedBooter.execute(ForkedBooter.java:162)
at org.apache.maven.surefire.booter.ForkedBooter.run(ForkedBooter.java:507)
at org.apache.maven.surefire.booter.ForkedBooter.main(ForkedBooter.java:495)
]]>
            </full-stacktrace>
          </exception> <!-- java.lang.AssertionError -->
          <reporter-output>
            <line>
              <![CDATA[Testcase loginTest started successfully]]>
            </line>
          </reporter-output>
        </test-method> <!-- loginTest -->
        <test-method is-config="true" signature="closeBrowser()[pri:0, instance:com.SDESeleniumFramework.testCases.TC_LoginDDTTest_002@25641d39]" started-at="2023-07-14T11:47:02 IST" name="closeBrowser" finished-at="2023-07-14T11:47:02 IST" duration-ms="211" status="PASS">
          <reporter-output>
          </reporter-output>
        </test-method> <!-- closeBrowser -->
      </class> <!-- com.SDESeleniumFramework.testCases.TC_LoginDDTTest_002 -->
    </test> <!-- LoginTest -->
  </suite> <!-- SDESeleniumFramework -->
</testng-results>
