<?xml version="1.0" encoding="UTF-8"?>
<!-- Generated by org.testng.reporters.JUnitXMLReporter -->
<testsuite ignored="0" hostname="Aashi" failures="2" tests="6" name="LoginTest" time="97.866" errors="0" timestamp="2023-07-14T00:07:34 IST">
  <testcase classname="com.SDESeleniumFramework.testCases.TC_LoginTest_001" name="login" time="1.924"/>
  <testcase classname="com.SDESeleniumFramework.testCases.TC_LoginDDTTest_002" name="loginTest" time="22.652"/>
  <testcase classname="com.SDESeleniumFramework.testCases.TC_LoginDDTTest_002" name="loginTest" time="5.485">
    <failure type="java.lang.AssertionError" message="expected [true] but found [false]">
      <![CDATA[java.lang.AssertionError: expected [true] but found [false]
at com.SDESeleniumFramework.testCases.TC_LoginDDTTest_002.loginTest(TC_LoginDDTTest_002.java:31)
at java.base/java.util.ArrayList.forEach(ArrayList.java:1511)
... Removed 31 stack frames]]>
    </failure>
  </testcase> <!-- loginTest -->
  <testcase classname="com.SDESeleniumFramework.testCases.TC_LoginDDTTest_002" name="loginTest" time="10.33"/>
  <testcase classname="com.SDESeleniumFramework.testCases.TC_LoginDDTTest_002" name="loginTest" time="5.478">
    <failure type="java.lang.AssertionError" message="expected [true] but found [false]">
      <![CDATA[java.lang.AssertionError: expected [true] but found [false]
at com.SDESeleniumFramework.testCases.TC_LoginDDTTest_002.loginTest(TC_LoginDDTTest_002.java:31)
at java.base/java.util.ArrayList.forEach(ArrayList.java:1511)
... Removed 31 stack frames]]>
    </failure>
  </testcase> <!-- loginTest -->
  <testcase classname="com.SDESeleniumFramework.testCases.TC_AddCustomerTest_003" name="addCustomer" time="9.457"/>
</testsuite> <!-- LoginTest -->
