<?xml version="1.0" encoding="UTF-8"?>
<!-- Generated by org.testng.reporters.JUnitXMLReporter -->
<testsuite ignored="0" hostname="Aashi" failures="2" tests="6" name="LoginTest" time="93.516" errors="0" timestamp="2023-07-14T11:47:19 IST">
  <testcase classname="com.SDESeleniumFramework.testCases.TC_LoginTest_001" name="login" time="10.931"/>
  <testcase classname="com.SDESeleniumFramework.testCases.TC_LoginDDTTest_002" name="loginTest" time="13.903"/>
  <testcase classname="com.SDESeleniumFramework.testCases.TC_LoginDDTTest_002" name="loginTest" time="9.917">
    <failure type="java.lang.AssertionError" message="expected [true] but found [false]">
      <![CDATA[java.lang.AssertionError: expected [true] but found [false]
at com.SDESeleniumFramework.testCases.TC_LoginDDTTest_002.loginTest(TC_LoginDDTTest_002.java:31)
at java.base/java.util.ArrayList.forEach(ArrayList.java:1511)
... Removed 35 stack frames]]>
    </failure>
  </testcase> <!-- loginTest -->
  <testcase classname="com.SDESeleniumFramework.testCases.TC_LoginDDTTest_002" name="loginTest" time="12.33"/>
  <testcase classname="com.SDESeleniumFramework.testCases.TC_LoginDDTTest_002" name="loginTest" time="6.342">
    <failure type="java.lang.AssertionError" message="expected [true] but found [false]">
      <![CDATA[java.lang.AssertionError: expected [true] but found [false]
at com.SDESeleniumFramework.testCases.TC_LoginDDTTest_002.loginTest(TC_LoginDDTTest_002.java:31)
at java.base/java.util.ArrayList.forEach(ArrayList.java:1511)
... Removed 35 stack frames]]>
    </failure>
  </testcase> <!-- loginTest -->
  <testcase classname="com.SDESeleniumFramework.testCases.TC_AddCustomerTest_003" name="addCustomer" time="9.629"/>
</testsuite> <!-- LoginTest -->
